TN:
SF:src\App.tsx
FN:17,App
FN:26,addTodo
FN:37,toggleComplete
FN:45,filterTodos
FN:66,clearTodos
FNF:5
FNH:5
FNDA:21,App
FNDA:4,addTodo
FNDA:2,toggleComplete
FNDA:2,filterTodos
FNDA:1,clearTodos
DA:1,1
DA:2,1
DA:3,1
DA:4,1
DA:5,1
DA:6,1
DA:7,1
DA:8,1
DA:9,1
DA:10,1
DA:11,1
DA:12,1
DA:13,1
DA:14,1
DA:15,1
DA:16,1
DA:17,21
DA:18,21
DA:19,21
DA:20,21
DA:21,21
DA:22,21
DA:23,12
DA:24,21
DA:25,21
DA:26,21
DA:27,4
DA:28,4
DA:29,4
DA:30,4
DA:31,4
DA:32,4
DA:33,4
DA:34,4
DA:35,21
DA:36,21
DA:37,21
DA:38,2
DA:39,2
DA:40,2
DA:41,2
DA:42,2
DA:43,21
DA:44,21
DA:45,21
DA:46,2
DA:47,2
DA:48,1
DA:49,1
DA:50,1
DA:51,2
DA:52,1
DA:53,1
DA:54,1
DA:55,2
DA:56,0
DA:57,0
DA:58,0
DA:59,2
DA:60,2
DA:61,0
DA:62,0
DA:63,2
DA:64,21
DA:65,21
DA:66,21
DA:67,1
DA:68,21
DA:69,21
DA:70,21
DA:71,21
DA:72,21
DA:73,21
DA:74,21
DA:75,21
DA:76,21
DA:77,21
DA:78,21
DA:79,21
DA:80,21
DA:81,21
DA:82,21
DA:83,21
DA:84,21
DA:85,21
DA:86,21
DA:87,21
DA:88,21
DA:89,21
DA:90,21
DA:91,21
DA:92,21
DA:93,21
DA:94,21
DA:95,21
DA:96,1
DA:97,1
LF:97
LH:92
BRDA:17,0,0,21
BRDA:22,1,0,12
BRDA:26,2,0,4
BRDA:37,3,0,2
BRDA:39,4,0,2
BRDA:40,5,0,0
BRDA:45,6,0,2
BRDA:47,7,0,1
BRDA:51,8,0,1
BRDA:55,9,0,0
BRDA:60,10,0,0
BRDA:48,11,0,1
BRDA:52,12,0,1
BRDA:66,13,0,1
BRDA:70,14,0,14
BRF:15
BRH:12
end_of_record
TN:
SF:src\components\ClearTodos.tsx
FN:8,ClearTodos
FNF:1
FNH:1
FNDA:21,ClearTodos
DA:1,1
DA:2,1
DA:3,1
DA:4,1
DA:5,1
DA:6,1
DA:7,1
DA:8,1
DA:9,21
DA:10,21
DA:11,21
DA:12,21
DA:13,21
DA:14,21
DA:15,1
DA:16,1
LF:16
LH:16
BRDA:8,0,0,21
BRF:1
BRH:1
end_of_record
TN:
SF:src\components\Filter.tsx
FN:9,Filter
FN:15,onClick
FN:22,onClick
FN:29,onClick
FNF:4
FNH:3
FNDA:21,Filter
FNDA:0,onClick
FNDA:1,onClick
FNDA:1,onClick
DA:1,1
DA:2,1
DA:3,1
DA:4,1
DA:5,1
DA:6,1
DA:7,1
DA:8,1
DA:9,1
DA:10,21
DA:11,21
DA:12,21
DA:13,21
DA:14,21
DA:15,21
DA:16,21
DA:17,21
DA:18,21
DA:19,21
DA:20,21
DA:21,21
DA:22,21
DA:23,21
DA:24,21
DA:25,21
DA:26,21
DA:27,21
DA:28,21
DA:29,21
DA:30,21
DA:31,21
DA:32,21
DA:33,21
DA:34,21
DA:35,21
DA:36,1
DA:37,1
LF:37
LH:37
BRDA:9,0,0,21
BRDA:22,1,0,1
BRDA:29,2,0,1
BRF:3
BRH:3
end_of_record
TN:
SF:src\components\Footer.tsx
FN:8,Footer
FNF:1
FNH:1
FNDA:21,Footer
DA:1,1
DA:2,1
DA:3,1
DA:4,1
DA:5,1
DA:6,1
DA:7,1
DA:8,1
DA:9,21
DA:10,21
DA:11,21
DA:12,21
DA:13,21
DA:14,21
LF:14
LH:14
BRDA:8,0,0,21
BRF:1
BRH:1
end_of_record
TN:
SF:src\components\RemainingTodos.tsx
FN:8,RemainingTodos
FNF:1
FNH:1
FNDA:21,RemainingTodos
DA:1,1
DA:2,1
DA:3,1
DA:4,1
DA:5,1
DA:6,1
DA:7,1
DA:8,1
DA:9,21
DA:10,21
DA:11,21
DA:12,21
DA:13,21
DA:14,21
DA:15,1
DA:16,1
LF:16
LH:16
BRDA:8,0,0,21
BRF:1
BRH:1
end_of_record
TN:
SF:src\components\Todo.tsx
FN:11,Todo
FN:17,onChange
FNF:2
FNH:2
FNDA:10,Todo
FNDA:2,onChange
DA:1,1
DA:2,1
DA:3,1
DA:4,1
DA:5,1
DA:6,1
DA:7,1
DA:8,1
DA:9,1
DA:10,1
DA:11,1
DA:12,10
DA:13,10
DA:14,10
DA:15,10
DA:16,10
DA:17,10
DA:18,10
DA:19,10
DA:20,10
DA:21,10
DA:22,10
DA:23,10
DA:24,1
DA:25,1
LF:25
LH:25
BRDA:11,0,0,10
BRDA:17,1,0,2
BRF:2
BRH:2
end_of_record
TN:
SF:src\components\TodoForm.tsx
FN:8,TodoForm
FN:12,handleChange
FN:16,handleSubmit
FNF:3
FNH:3
FNDA:25,TodoForm
FNDA:4,handleChange
FNDA:4,handleSubmit
DA:1,1
DA:2,1
DA:3,1
DA:4,1
DA:5,1
DA:6,1
DA:7,1
DA:8,1
DA:9,25
DA:10,25
DA:11,25
DA:12,25
DA:13,4
DA:14,25
DA:15,25
DA:16,25
DA:17,4
DA:18,4
DA:19,4
DA:20,4
DA:21,4
DA:22,25
DA:23,25
DA:24,25
DA:25,5
DA:26,25
DA:27,25
DA:28,25
DA:29,25
DA:30,25
DA:31,25
DA:32,25
DA:33,25
DA:34,25
DA:35,25
DA:36,25
DA:37,25
DA:38,25
DA:39,25
DA:40,25
DA:41,25
DA:42,25
DA:43,25
DA:44,1
DA:45,1
LF:45
LH:45
BRDA:8,0,0,25
BRDA:12,1,0,4
BRDA:16,2,0,4
BRDA:24,3,0,5
BRF:4
BRH:4
end_of_record
TN:
SF:src\components\TodoList.tsx
FN:11,TodoList
FNF:1
FNH:1
FNDA:21,TodoList
DA:1,1
DA:2,1
DA:3,1
DA:4,1
DA:5,1
DA:6,1
DA:7,1
DA:8,1
DA:9,1
DA:10,1
DA:11,1
DA:12,21
DA:13,21
DA:14,21
DA:15,21
DA:16,21
DA:17,10
DA:18,21
DA:19,21
DA:20,21
DA:21,21
DA:22,21
DA:23,21
DA:24,1
DA:25,1
LF:25
LH:25
BRDA:11,0,0,21
BRDA:16,1,0,10
BRF:2
BRH:2
end_of_record
TN:
SF:src\components\ui\checkbox.tsx
FN:11,Checkbox
FNF:1
FNH:1
FNDA:10,Checkbox
DA:1,1
DA:2,1
DA:3,1
DA:4,1
DA:5,1
DA:6,1
DA:7,1
DA:8,1
DA:9,1
DA:10,1
DA:11,1
DA:12,10
DA:13,10
DA:14,10
DA:15,10
DA:16,10
DA:17,10
DA:18,10
DA:19,10
DA:20,10
DA:21,10
DA:22,10
DA:23,10
DA:24,10
DA:25,1
LF:25
LH:25
BRDA:11,0,0,10
BRF:1
BRH:1
end_of_record
